  main.cpp
e:\grade3\计图期末作业\final-project\final-project\final-project\block.h(124): warning C4018: “<”: 有符号/无符号不匹配
e:\grade3\计图期末作业\final-project\final-project\final-project\main.cpp(138): warning C4244: “初始化”: 从“double”转换到“float”，可能丢失数据
e:\grade3\计图期末作业\final-project\final-project\final-project\main.cpp(188): warning C4018: “<”: 有符号/无符号不匹配
e:\grade3\计图期末作业\final-project\final-project\final-project\main.cpp(289): warning C4244: “=”: 从“double”转换到“float”，可能丢失数据
e:\grade3\计图期末作业\final-project\final-project\final-project\main.cpp(290): warning C4244: “=”: 从“double”转换到“float”，可能丢失数据
e:\grade3\计图期末作业\final-project\final-project\final-project\main.cpp(294): warning C4244: “初始化”: 从“double”转换到“float”，可能丢失数据
e:\grade3\计图期末作业\final-project\final-project\final-project\main.cpp(295): warning C4244: “初始化”: 从“double”转换到“float”，可能丢失数据
e:\grade3\计图期末作业\final-project\final-project\final-project\main.cpp(297): warning C4244: “=”: 从“double”转换到“float”，可能丢失数据
e:\grade3\计图期末作业\final-project\final-project\final-project\main.cpp(298): warning C4244: “=”: 从“double”转换到“float”，可能丢失数据
e:\grade3\计图期末作业\final-project\final-project\final-project\main.cpp(305): warning C4244: “参数”: 从“double”转换到“float”，可能丢失数据
glfw3.lib(context.obj) : warning LNK4099: 
glfw3.lib(init.obj) : warning LNK4099: 
glfw3.lib(input.obj) : warning LNK4099: 
glfw3.lib(monitor.obj) : warning LNK4099: 
glfw3.lib(vulkan.obj) : warning LNK4099: 
glfw3.lib(window.obj) : warning LNK4099: 
glfw3.lib(win32_init.obj) : warning LNK4099: 
glfw3.lib(win32_joystick.obj) : warning LNK4099: 
glfw3.lib(win32_monitor.obj) : warning LNK4099: 
glfw3.lib(win32_time.obj) : warning LNK4099: 
glfw3.lib(win32_tls.obj) : warning LNK4099: 
glfw3.lib(win32_window.obj) : warning LNK4099: 
glfw3.lib(wgl_context.obj) : warning LNK4099: 
glfw3.lib(egl_context.obj) : warning LNK4099: 
  final-project.vcxproj -> E:\Grade3\计图期末作业\final-project\final-project\Debug\final-project.exe
