e:\grade3\计图期末作业\final-project\final-project\final-project\debug\vc141.pdb
e:\grade3\计图期末作业\final-project\final-project\final-project\debug\vc141.idb
e:\grade3\计图期末作业\final-project\final-project\final-project\debug\glad.obj
e:\grade3\计图期末作业\final-project\final-project\final-project\debug\main.obj
e:\grade3\计图期末作业\final-project\final-project\final-project\debug\imgui_widgets.obj
e:\grade3\计图期末作业\final-project\final-project\final-project\debug\imgui_impl_opengl3.obj
e:\grade3\计图期末作业\final-project\final-project\final-project\debug\imgui_impl_glfw.obj
e:\grade3\计图期末作业\final-project\final-project\final-project\debug\imgui_draw.obj
e:\grade3\计图期末作业\final-project\final-project\final-project\debug\imgui_demo.obj
e:\grade3\计图期末作业\final-project\final-project\final-project\debug\imgui.obj
e:\grade3\计图期末作业\final-project\final-project\final-project\debug\glm.obj
e:\grade3\计图期末作业\final-project\final-project\final-project\debug\dummy.obj
e:\grade3\计图期末作业\final-project\final-project\debug\final-project.exe
e:\grade3\计图期末作业\final-project\final-project\debug\final-project.ilk
e:\grade3\计图期末作业\final-project\final-project\debug\final-project.pdb
e:\grade3\计图期末作业\final-project\final-project\final-project\debug\final-project.tlog\cl.command.1.tlog
e:\grade3\计图期末作业\final-project\final-project\final-project\debug\final-project.tlog\cl.read.1.tlog
e:\grade3\计图期末作业\final-project\final-project\final-project\debug\final-project.tlog\cl.write.1.tlog
e:\grade3\计图期末作业\final-project\final-project\final-project\debug\final-project.tlog\link.command.1.tlog
e:\grade3\计图期末作业\final-project\final-project\final-project\debug\final-project.tlog\link.read.1.tlog
e:\grade3\计图期末作业\final-project\final-project\final-project\debug\final-project.tlog\link.write.1.tlog
