d:\user_chen\computer graph\peoject\final-project\final-project\final-project\debug\vc141.pdb
d:\user_chen\computer graph\peoject\final-project\final-project\final-project\debug\vc141.idb
d:\user_chen\computer graph\peoject\final-project\final-project\final-project\debug\glad.obj
d:\user_chen\computer graph\peoject\final-project\final-project\final-project\debug\main.obj
d:\user_chen\computer graph\peoject\final-project\final-project\final-project\debug\imgui_widgets.obj
d:\user_chen\computer graph\peoject\final-project\final-project\final-project\debug\imgui_impl_opengl3.obj
d:\user_chen\computer graph\peoject\final-project\final-project\final-project\debug\imgui_impl_glfw.obj
d:\user_chen\computer graph\peoject\final-project\final-project\final-project\debug\imgui_draw.obj
d:\user_chen\computer graph\peoject\final-project\final-project\final-project\debug\imgui_demo.obj
d:\user_chen\computer graph\peoject\final-project\final-project\final-project\debug\imgui.obj
d:\user_chen\computer graph\peoject\final-project\final-project\final-project\debug\glm.obj
d:\user_chen\computer graph\peoject\final-project\final-project\final-project\debug\dummy.obj
d:\user_chen\computer graph\peoject\final-project\final-project\debug\final-project.ilk
d:\user_chen\computer graph\peoject\final-project\final-project\debug\final-project.exe
d:\user_chen\computer graph\peoject\final-project\final-project\debug\final-project.pdb
d:\user_chen\computer graph\peoject\final-project\final-project\final-project\debug\final-project.tlog\cl.command.1.tlog
d:\user_chen\computer graph\peoject\final-project\final-project\final-project\debug\final-project.tlog\cl.read.1.tlog
d:\user_chen\computer graph\peoject\final-project\final-project\final-project\debug\final-project.tlog\cl.write.1.tlog
d:\user_chen\computer graph\peoject\final-project\final-project\final-project\debug\final-project.tlog\link.command.1.tlog
d:\user_chen\computer graph\peoject\final-project\final-project\final-project\debug\final-project.tlog\link.read.1.tlog
d:\user_chen\computer graph\peoject\final-project\final-project\final-project\debug\final-project.tlog\link.write.1.tlog
